# JRE version: OpenJDK Runtime Environment Temurin-17.0.1+12 (17.0.1+12) (build 17.0.1+12)
# Java VM: OpenJDK 64-Bit Server VM Temurin-17.0.1+12 (17.0.1+12, mixed mode, sharing, tiered, compressed oops, compressed class ptrs, g1 gc, linux-amd64)
GC Precious Log:
 CPUs: 12 total, 12 available
 Memory: 31973M
 Large Page Support: Disabled
 NUMA Support: Disabled
 Compressed Oops: Enabled (Zero based)
 Heap Region Size: 4M
 Heap Min Capacity: 8M
 Heap Initial Capacity: 500M
 Heap Max Capacity: 7996M
 Pre-touch: Disabled
 Parallel Workers: 10
 Concurrent Workers: 3
 Concurrent Refinement Workers: 10
 Periodic GC: Disabled
Heap:
 garbage-first heap   total 98304K, used 51713K [0x000000060c400000, 0x0000000800000000)
  region size 4096K, 10 young (40960K), 1 survivors (4096K)
 Metaspace       used 24070K, committed 24320K, reserved 1073152K
  class space    used 2322K, committed 2432K, reserved 1048576K
GC Heap History (14 events):
Event: 0.360 GC heap before
{Heap before GC invocations=0 (full 0):
 garbage-first heap   total 520192K, used 28640K [0x000000060c400000, 0x0000000800000000)
  region size 4096K, 6 young (24576K), 0 survivors (0K)
 Metaspace       used 11189K, committed 11392K, reserved 1064960K
  class space    used 1273K, committed 1344K, reserved 1048576K
}
Event: 0.362 GC heap after
{Heap after GC invocations=1 (full 0):
 garbage-first heap   total 520192K, used 8280K [0x000000060c400000, 0x0000000800000000)
  region size 4096K, 1 young (4096K), 1 survivors (4096K)
 Metaspace       used 11189K, committed 11392K, reserved 1064960K
  class space    used 1273K, committed 1344K, reserved 1048576K
}
Event: 3.062 GC heap before
{Heap before GC invocations=1 (full 0):
 garbage-first heap   total 520192K, used 28760K [0x000000060c400000, 0x0000000800000000)
  region size 4096K, 7 young (28672K), 1 survivors (4096K)
 Metaspace       used 20474K, committed 20672K, reserved 1073152K
  class space    used 1975K, committed 2048K, reserved 1048576K
}
Event: 3.065 GC heap after
{Heap after GC invocations=2 (full 0):
 garbage-first heap   total 520192K, used 13767K [0x000000060c400000, 0x0000000800000000)
  region size 4096K, 1 young (4096K), 1 survivors (4096K)
 Metaspace       used 20474K, committed 20672K, reserved 1073152K
  class space    used 1975K, committed 2048K, reserved 1048576K
}
Event: 3.095 GC heap before
{Heap before GC invocations=2 (full 0):
 garbage-first heap   total 520192K, used 13767K [0x000000060c400000, 0x0000000800000000)
  region size 4096K, 2 young (8192K), 1 survivors (4096K)
 Metaspace       used 21299K, committed 21504K, reserved 1073152K
  class space    used 2086K, committed 2176K, reserved 1048576K
}
Event: 3.097 GC heap after
{Heap after GC invocations=3 (full 0):
 garbage-first heap   total 520192K, used 14216K [0x000000060c400000, 0x0000000800000000)
  region size 4096K, 2 young (8192K), 2 survivors (8192K)
 Metaspace       used 21299K, committed 21504K, reserved 1073152K
  class space    used 2086K, committed 2176K, reserved 1048576K
}
Event: 29.030 GC heap before
{Heap before GC invocations=4 (full 0):
 garbage-first heap   total 98304K, used 63368K [0x000000060c400000, 0x0000000800000000)
  region size 4096K, 14 young (57344K), 2 survivors (8192K)
 Metaspace       used 22753K, committed 22976K, reserved 1073152K
  class space    used 2202K, committed 2304K, reserved 1048576K
}
Event: 29.032 GC heap after
{Heap after GC invocations=5 (full 0):
 garbage-first heap   total 98304K, used 16590K [0x000000060c400000, 0x0000000800000000)
  region size 4096K, 1 young (4096K), 1 survivors (4096K)
 Metaspace       used 22753K, committed 22976K, reserved 1073152K
  class space    used 2202K, committed 2304K, reserved 1048576K
}
Event: 33.286 GC heap before
{Heap before GC invocations=5 (full 0):
 garbage-first heap   total 98304K, used 20686K [0x000000060c400000, 0x0000000800000000)
  region size 4096K, 2 young (8192K), 1 survivors (4096K)
 Metaspace       used 23805K, committed 24064K, reserved 1073152K
  class space    used 2314K, committed 2432K, reserved 1048576K
}
Event: 33.288 GC heap after
{Heap after GC invocations=6 (full 0):
 garbage-first heap   total 98304K, used 17165K [0x000000060c400000, 0x0000000800000000)
  region size 4096K, 1 young (4096K), 1 survivors (4096K)
 Metaspace       used 23805K, committed 24064K, reserved 1073152K
  class space    used 2314K, committed 2432K, reserved 1048576K
}
Event: 33.906 GC heap before
{Heap before GC invocations=6 (full 0):
 garbage-first heap   total 98304K, used 58125K [0x000000060c400000, 0x0000000800000000)
  region size 4096K, 11 young (45056K), 1 survivors (4096K)
 Metaspace       used 24012K, committed 24192K, reserved 1073152K
  class space    used 2320K, committed 2432K, reserved 1048576K
}
Event: 33.907 GC heap after
{Heap after GC invocations=7 (full 0):
 garbage-first heap   total 98304K, used 21595K [0x000000060c400000, 0x0000000800000000)
  region size 4096K, 2 young (8192K), 2 survivors (8192K)
 Metaspace       used 24012K, committed 24192K, reserved 1073152K
  class space    used 2320K, committed 2432K, reserved 1048576K
}
Event: 34.242 GC heap before
{Heap before GC invocations=7 (full 0):
 garbage-first heap   total 98304K, used 54363K [0x000000060c400000, 0x0000000800000000)
  region size 4096K, 11 young (45056K), 2 survivors (8192K)
 Metaspace       used 24019K, committed 24192K, reserved 1073152K
  class space    used 2320K, committed 2432K, reserved 1048576K
}
Event: 34.243 GC heap after
{Heap after GC invocations=8 (full 0):
 garbage-first heap   total 98304K, used 23041K [0x000000060c400000, 0x0000000800000000)
  region size 4096K, 1 young (4096K), 1 survivors (4096K)
 Metaspace       used 24019K, committed 24192K, reserved 1073152K
  class space    used 2320K, committed 2432K, reserved 1048576K
}

