# JRE version: OpenJDK Runtime Environment Temurin-17.0.1+12 (17.0.1+12) (build 17.0.1+12)
# Java VM: OpenJDK 64-Bit Server VM Temurin-17.0.1+12 (17.0.1+12, mixed mode, sharing, tiered, compressed oops, compressed class ptrs, g1 gc, linux-amd64)
GC Precious Log:
 CPUs: 12 total, 12 available
 Memory: 31973M
 Large Page Support: Disabled
 NUMA Support: Disabled
 Compressed Oops: Enabled (Zero based)
 Heap Region Size: 4M
 Heap Min Capacity: 8M
 Heap Initial Capacity: 500M
 Heap Max Capacity: 7996M
 Pre-touch: Disabled
 Parallel Workers: 10
 Concurrent Workers: 3
 Concurrent Refinement Workers: 10
 Periodic GC: Disabled
Heap:
 garbage-first heap   total 98304K, used 44855K [0x000000060c400000, 0x0000000800000000)
  region size 4096K, 8 young (32768K), 1 survivors (4096K)
 Metaspace       used 23409K, committed 23616K, reserved 1073152K
  class space    used 2318K, committed 2432K, reserved 1048576K
GC Heap History (12 events):
Event: 0.368 GC heap before
{Heap before GC invocations=0 (full 0):
 garbage-first heap   total 520192K, used 24544K [0x000000060c400000, 0x0000000800000000)
  region size 4096K, 6 young (24576K), 0 survivors (0K)
 Metaspace       used 11382K, committed 11584K, reserved 1064960K
  class space    used 1292K, committed 1408K, reserved 1048576K
}
Event: 0.370 GC heap after
{Heap after GC invocations=1 (full 0):
 garbage-first heap   total 520192K, used 8396K [0x000000060c400000, 0x0000000800000000)
  region size 4096K, 1 young (4096K), 1 survivors (4096K)
 Metaspace       used 11382K, committed 11584K, reserved 1064960K
  class space    used 1292K, committed 1408K, reserved 1048576K
}
Event: 6.391 GC heap before
{Heap before GC invocations=1 (full 0):
 garbage-first heap   total 520192K, used 28876K [0x000000060c400000, 0x0000000800000000)
  region size 4096K, 7 young (28672K), 1 survivors (4096K)
 Metaspace       used 20463K, committed 20672K, reserved 1073152K
  class space    used 1989K, committed 2112K, reserved 1048576K
}
Event: 6.393 GC heap after
{Heap after GC invocations=2 (full 0):
 garbage-first heap   total 520192K, used 12518K [0x000000060c400000, 0x0000000800000000)
  region size 4096K, 1 young (4096K), 1 survivors (4096K)
 Metaspace       used 20463K, committed 20672K, reserved 1073152K
  class space    used 1989K, committed 2112K, reserved 1048576K
}
Event: 6.421 GC heap before
{Heap before GC invocations=2 (full 0):
 garbage-first heap   total 520192K, used 12518K [0x000000060c400000, 0x0000000800000000)
  region size 4096K, 2 young (8192K), 1 survivors (4096K)
 Metaspace       used 21296K, committed 21504K, reserved 1073152K
  class space    used 2095K, committed 2176K, reserved 1048576K
}
Event: 6.422 GC heap after
{Heap after GC invocations=3 (full 0):
 garbage-first heap   total 520192K, used 12891K [0x000000060c400000, 0x0000000800000000)
  region size 4096K, 2 young (8192K), 2 survivors (8192K)
 Metaspace       used 21296K, committed 21504K, reserved 1073152K
  class space    used 2095K, committed 2176K, reserved 1048576K
}
Event: 6.920 GC heap before
{Heap before GC invocations=4 (full 0):
 garbage-first heap   total 98304K, used 62043K [0x000000060c400000, 0x0000000800000000)
  region size 4096K, 14 young (57344K), 2 survivors (8192K)
 Metaspace       used 22265K, committed 22528K, reserved 1073152K
  class space    used 2198K, committed 2304K, reserved 1048576K
}
Event: 6.922 GC heap after
{Heap after GC invocations=5 (full 0):
 garbage-first heap   total 98304K, used 21017K [0x000000060c400000, 0x0000000800000000)
  region size 4096K, 2 young (8192K), 2 survivors (8192K)
 Metaspace       used 22265K, committed 22528K, reserved 1073152K
  class space    used 2198K, committed 2304K, reserved 1048576K
}
Event: 6.929 GC heap before
{Heap before GC invocations=5 (full 0):
 garbage-first heap   total 98304K, used 25113K [0x000000060c400000, 0x0000000800000000)
  region size 4096K, 3 young (12288K), 2 survivors (8192K)
 Metaspace       used 22267K, committed 22528K, reserved 1073152K
  class space    used 2198K, committed 2304K, reserved 1048576K
}
Event: 6.932 GC heap after
{Heap after GC invocations=6 (full 0):
 garbage-first heap   total 98304K, used 23024K [0x000000060c400000, 0x0000000800000000)
  region size 4096K, 1 young (4096K), 1 survivors (4096K)
 Metaspace       used 22267K, committed 22528K, reserved 1073152K
  class space    used 2198K, committed 2304K, reserved 1048576K
}
Event: 7.016 GC heap before
{Heap before GC invocations=6 (full 0):
 garbage-first heap   total 98304K, used 55792K [0x000000060c400000, 0x0000000800000000)
  region size 4096K, 10 young (40960K), 1 survivors (4096K)
 Metaspace       used 22319K, committed 22528K, reserved 1073152K
  class space    used 2199K, committed 2304K, reserved 1048576K
}
Event: 7.017 GC heap after
{Heap after GC invocations=7 (full 0):
 garbage-first heap   total 98304K, used 24375K [0x000000060c400000, 0x0000000800000000)
  region size 4096K, 1 young (4096K), 1 survivors (4096K)
 Metaspace       used 22319K, committed 22528K, reserved 1073152K
  class space    used 2199K, committed 2304K, reserved 1048576K
}

