# JRE version: OpenJDK Runtime Environment Temurin-17.0.1+12 (17.0.1+12) (build 17.0.1+12)
# Java VM: OpenJDK 64-Bit Server VM Temurin-17.0.1+12 (17.0.1+12, mixed mode, sharing, tiered, compressed oops, compressed class ptrs, g1 gc, linux-amd64)
GC Precious Log:
 CPUs: 12 total, 12 available
 Memory: 31973M
 Large Page Support: Disabled
 NUMA Support: Disabled
 Compressed Oops: Enabled (Zero based)
 Heap Region Size: 4M
 Heap Min Capacity: 8M
 Heap Initial Capacity: 500M
 Heap Max Capacity: 7996M
 Pre-touch: Disabled
 Parallel Workers: 10
 Concurrent Workers: 3
 Concurrent Refinement Workers: 10
 Periodic GC: Disabled
Heap:
 garbage-first heap   total 98304K, used 52323K [0x000000060c400000, 0x0000000800000000)
  region size 4096K, 6 young (24576K), 2 survivors (8192K)
 Metaspace       used 26353K, committed 26624K, reserved 1073152K
  class space    used 2600K, committed 2752K, reserved 1048576K
GC Heap History (18 events):
Event: 0.374 GC heap before
{Heap before GC invocations=0 (full 0):
 garbage-first heap   total 520192K, used 28640K [0x000000060c400000, 0x0000000800000000)
  region size 4096K, 6 young (24576K), 0 survivors (0K)
 Metaspace       used 11489K, committed 11712K, reserved 1064960K
  class space    used 1297K, committed 1408K, reserved 1048576K
}
Event: 0.376 GC heap after
{Heap after GC invocations=1 (full 0):
 garbage-first heap   total 520192K, used 8281K [0x000000060c400000, 0x0000000800000000)
  region size 4096K, 1 young (4096K), 1 survivors (4096K)
 Metaspace       used 11489K, committed 11712K, reserved 1064960K
  class space    used 1297K, committed 1408K, reserved 1048576K
}
Event: 2.323 GC heap before
{Heap before GC invocations=1 (full 0):
 garbage-first heap   total 520192K, used 28761K [0x000000060c400000, 0x0000000800000000)
  region size 4096K, 7 young (28672K), 1 survivors (4096K)
 Metaspace       used 20935K, committed 21120K, reserved 1073152K
  class space    used 2079K, committed 2176K, reserved 1048576K
}
Event: 2.338 GC heap after
{Heap after GC invocations=2 (full 0):
 garbage-first heap   total 520192K, used 12556K [0x000000060c400000, 0x0000000800000000)
  region size 4096K, 1 young (4096K), 1 survivors (4096K)
 Metaspace       used 20935K, committed 21120K, reserved 1073152K
  class space    used 2079K, committed 2176K, reserved 1048576K
}
Event: 2.352 GC heap before
{Heap before GC invocations=2 (full 0):
 garbage-first heap   total 520192K, used 12556K [0x000000060c400000, 0x0000000800000000)
  region size 4096K, 2 young (8192K), 1 survivors (4096K)
 Metaspace       used 21278K, committed 21504K, reserved 1073152K
  class space    used 2118K, committed 2240K, reserved 1048576K
}
Event: 2.358 GC heap after
{Heap after GC invocations=3 (full 0):
 garbage-first heap   total 520192K, used 12777K [0x000000060c400000, 0x0000000800000000)
  region size 4096K, 2 young (8192K), 2 survivors (8192K)
 Metaspace       used 21278K, committed 21504K, reserved 1073152K
  class space    used 2118K, committed 2240K, reserved 1048576K
}
Event: 3.359 GC heap before
{Heap before GC invocations=4 (full 0):
 garbage-first heap   total 98304K, used 61929K [0x000000060c400000, 0x0000000800000000)
  region size 4096K, 14 young (57344K), 2 survivors (8192K)
 Metaspace       used 22220K, committed 22464K, reserved 1073152K
  class space    used 2200K, committed 2304K, reserved 1048576K
}
Event: 3.361 GC heap after
{Heap after GC invocations=5 (full 0):
 garbage-first heap   total 98304K, used 20166K [0x000000060c400000, 0x0000000800000000)
  region size 4096K, 2 young (8192K), 2 survivors (8192K)
 Metaspace       used 22220K, committed 22464K, reserved 1073152K
  class space    used 2200K, committed 2304K, reserved 1048576K
}
Event: 3.364 GC heap before
{Heap before GC invocations=5 (full 0):
 garbage-first heap   total 98304K, used 24262K [0x000000060c400000, 0x0000000800000000)
  region size 4096K, 3 young (12288K), 2 survivors (8192K)
 Metaspace       used 22221K, committed 22464K, reserved 1073152K
  class space    used 2200K, committed 2304K, reserved 1048576K
}
Event: 3.366 GC heap after
{Heap after GC invocations=6 (full 0):
 garbage-first heap   total 98304K, used 22655K [0x000000060c400000, 0x0000000800000000)
  region size 4096K, 1 young (4096K), 1 survivors (4096K)
 Metaspace       used 22221K, committed 22464K, reserved 1073152K
  class space    used 2200K, committed 2304K, reserved 1048576K
}
Event: 3.783 GC heap before
{Heap before GC invocations=6 (full 0):
 garbage-first heap   total 98304K, used 55423K [0x000000060c400000, 0x0000000800000000)
  region size 4096K, 10 young (40960K), 1 survivors (4096K)
 Metaspace       used 22271K, committed 22464K, reserved 1073152K
  class space    used 2201K, committed 2304K, reserved 1048576K
}
Event: 3.784 GC heap after
{Heap after GC invocations=7 (full 0):
 garbage-first heap   total 98304K, used 24748K [0x000000060c400000, 0x0000000800000000)
  region size 4096K, 2 young (8192K), 2 survivors (8192K)
 Metaspace       used 22271K, committed 22464K, reserved 1073152K
  class space    used 2201K, committed 2304K, reserved 1048576K
}
Event: 90.052 GC heap before
{Heap before GC invocations=7 (full 0):
 garbage-first heap   total 98304K, used 57516K [0x000000060c400000, 0x0000000800000000)
  region size 4096K, 11 young (45056K), 2 survivors (8192K)
 Metaspace       used 24681K, committed 24960K, reserved 1073152K
  class space    used 2483K, committed 2624K, reserved 1048576K
}
Event: 90.054 GC heap after
{Heap after GC invocations=8 (full 0):
 garbage-first heap   total 98304K, used 29312K [0x000000060c400000, 0x0000000800000000)
  region size 4096K, 2 young (8192K), 2 survivors (8192K)
 Metaspace       used 24681K, committed 24960K, reserved 1073152K
  class space    used 2483K, committed 2624K, reserved 1048576K
}
Event: 94.437 GC heap before
{Heap before GC invocations=8 (full 0):
 garbage-first heap   total 98304K, used 57984K [0x000000060c400000, 0x0000000800000000)
  region size 4096K, 10 young (40960K), 2 survivors (8192K)
 Metaspace       used 25041K, committed 25344K, reserved 1073152K
  class space    used 2489K, committed 2624K, reserved 1048576K
}
Event: 94.439 GC heap after
{Heap after GC invocations=9 (full 0):
 garbage-first heap   total 98304K, used 33265K [0x000000060c400000, 0x0000000800000000)
  region size 4096K, 2 young (8192K), 2 survivors (8192K)
 Metaspace       used 25041K, committed 25344K, reserved 1073152K
  class space    used 2489K, committed 2624K, reserved 1048576K
}
Event: 94.790 GC heap before
{Heap before GC invocations=9 (full 0):
 garbage-first heap   total 98304K, used 61937K [0x000000060c400000, 0x0000000800000000)
  region size 4096K, 9 young (36864K), 2 survivors (8192K)
 Metaspace       used 25112K, committed 25408K, reserved 1073152K
  class space    used 2489K, committed 2624K, reserved 1048576K
}
Event: 94.792 GC heap after
{Heap after GC invocations=10 (full 0):
 garbage-first heap   total 98304K, used 40035K [0x000000060c400000, 0x0000000800000000)
  region size 4096K, 2 young (8192K), 2 survivors (8192K)
 Metaspace       used 25112K, committed 25408K, reserved 1073152K
  class space    used 2489K, committed 2624K, reserved 1048576K
}

